[0317/095549.378:ERROR:gl_surface_egl.cc(741)] EGL Driver message (Error) eglQueryDeviceAttribEXT: Bad attribute.
[0317/095549.898:ERROR:gl_surface_egl.cc(741)] EGL Driver message (Error) eglQueryDeviceAttribEXT: Bad attribute.
[0317/095550.730:ERROR:gl_surface_egl.cc(741)] EGL Driver message (Error) eglQueryDeviceAttribEXT: Bad attribute.
[0317/095553.456:ERROR:gl_surface_egl.cc(741)] EGL Driver message (Error) eglQueryDeviceAttribEXT: Bad attribute.
[0317/095553.478:ERROR:cache_util_win.cc(21)] Unable to move the cache: Acceso denegado. (0x5)
[0317/095553.479:ERROR:cache_util.cc(139)] Unable to move cache folder C:\ProgramData\Flexsim\FlexSim21.0\/cef\GPUCache to C:\ProgramData\Flexsim\FlexSim21.0\/cef\old_GPUCache_000
[0317/095553.495:ERROR:disk_cache.cc(184)] Unable to create cache
[0317/095553.495:ERROR:shader_disk_cache.cc(606)] Shader Cache Creation failed: -2
[0317/095553.500:ERROR:gl_surface_egl.cc(741)] EGL Driver message (Error) eglQueryDeviceAttribEXT: Bad attribute.
[0317/095555.560:ERROR:gl_surface_egl.cc(741)] EGL Driver message (Error) eglQueryDeviceAttribEXT: Bad attribute.
[0317/095605.268:ERROR:gl_surface_egl.cc(741)] EGL Driver message (Error) eglQueryDeviceAttribEXT: Bad attribute.
[0317/095610.506:WARNING:value_store_frontend.cc(43)] Reading mhjfbmdgcfjbbpaeojofohoefgiehjai.alarms from  failed: IO error: .../LOCK: Access denied. (ChromeMethodBFE: 15::LockFile::5)
[0317/095615.303:ERROR:gl_surface_egl.cc(741)] EGL Driver message (Error) eglQueryDeviceAttribEXT: Bad attribute.
[0317/095625.304:ERROR:gl_surface_egl.cc(741)] EGL Driver message (Error) eglQueryDeviceAttribEXT: Bad attribute.
[0317/095635.303:ERROR:gl_surface_egl.cc(741)] EGL Driver message (Error) eglQueryDeviceAttribEXT: Bad attribute.
[0317/095645.303:ERROR:gl_surface_egl.cc(741)] EGL Driver message (Error) eglQueryDeviceAttribEXT: Bad attribute.
[0317/095650.062:ERROR:gl_surface_egl.cc(741)] EGL Driver message (Error) eglQueryDeviceAttribEXT: Bad attribute.
[0317/095655.303:ERROR:gl_surface_egl.cc(741)] EGL Driver message (Error) eglQueryDeviceAttribEXT: Bad attribute.
[0317/095705.303:ERROR:gl_surface_egl.cc(741)] EGL Driver message (Error) eglQueryDeviceAttribEXT: Bad attribute.
[0317/095715.304:ERROR:gl_surface_egl.cc(741)] EGL Driver message (Error) eglQueryDeviceAttribEXT: Bad attribute.
[0317/095725.303:ERROR:gl_surface_egl.cc(741)] EGL Driver message (Error) eglQueryDeviceAttribEXT: Bad attribute.
[0317/095735.303:ERROR:gl_surface_egl.cc(741)] EGL Driver message (Error) eglQueryDeviceAttribEXT: Bad attribute.
[0317/095745.303:ERROR:gl_surface_egl.cc(741)] EGL Driver message (Error) eglQueryDeviceAttribEXT: Bad attribute.
[0317/095755.303:ERROR:gl_surface_egl.cc(741)] EGL Driver message (Error) eglQueryDeviceAttribEXT: Bad attribute.
[0317/095805.614:ERROR:gl_surface_egl.cc(741)] EGL Driver message (Error) eglQueryDeviceAttribEXT: Bad attribute.
[0317/095930.691:ERROR:gl_surface_egl.cc(741)] EGL Driver message (Error) eglQueryDeviceAttribEXT: Bad attribute.
[0317/095930.692:ERROR:cache_util_win.cc(21)] Unable to move the cache: Acceso denegado. (0x5)
[0317/095930.692:ERROR:cache_util.cc(139)] Unable to move cache folder C:\ProgramData\Flexsim\FlexSim21.0\/cef\GPUCache to C:\ProgramData\Flexsim\FlexSim21.0\/cef\old_GPUCache_000
[0317/095930.692:ERROR:disk_cache.cc(184)] Unable to create cache
[0317/095930.692:ERROR:shader_disk_cache.cc(606)] Shader Cache Creation failed: -2
[0317/095931.353:ERROR:gl_utils.cc(316)] [.RendererMainThread-000000E886D61020] GL_INVALID_OPERATION: Framebuffer is incomplete.
[0317/095931.354:ERROR:gl_utils.cc(316)] [.RendererMainThread-000000E886D61020] GL_INVALID_OPERATION: Framebuffer is incomplete.
[0317/095931.359:ERROR:gl_utils.cc(316)] [.RendererMainThread-000000E886D61020] GL_INVALID_FRAMEBUFFER_OPERATION: Framebuffer is incomplete.
[0317/095931.495:INFO:CONSOLE(1)] "Uncaught TypeError: Cannot read property 'apply' of undefined", source: v8/flexsim (1)
[0317/095935.921:ERROR:gl_surface_egl.cc(741)] EGL Driver message (Error) eglQueryDeviceAttribEXT: Bad attribute.
[0317/095946.477:ERROR:gl_surface_egl.cc(741)] EGL Driver message (Error) eglQueryDeviceAttribEXT: Bad attribute.
[0317/095946.501:ERROR:gl_surface_egl.cc(741)] EGL Driver message (Error) eglQueryDeviceAttribEXT: Bad attribute.
[0317/095956.562:ERROR:gl_surface_egl.cc(741)] EGL Driver message (Error) eglQueryDeviceAttribEXT: Bad attribute.
[0317/100006.862:ERROR:gl_surface_egl.cc(741)] EGL Driver message (Error) eglQueryDeviceAttribEXT: Bad attribute.
[0317/100016.922:ERROR:gl_surface_egl.cc(741)] EGL Driver message (Error) eglQueryDeviceAttribEXT: Bad attribute.
[0317/100026.926:ERROR:gl_surface_egl.cc(741)] EGL Driver message (Error) eglQueryDeviceAttribEXT: Bad attribute.
[0317/100036.927:ERROR:gl_surface_egl.cc(741)] EGL Driver message (Error) eglQueryDeviceAttribEXT: Bad attribute.
[0317/100046.926:ERROR:gl_surface_egl.cc(741)] EGL Driver message (Error) eglQueryDeviceAttribEXT: Bad attribute.
[0317/100056.926:ERROR:gl_surface_egl.cc(741)] EGL Driver message (Error) eglQueryDeviceAttribEXT: Bad attribute.
[0317/100106.926:ERROR:gl_surface_egl.cc(741)] EGL Driver message (Error) eglQueryDeviceAttribEXT: Bad attribute.
[0317/100116.926:ERROR:gl_surface_egl.cc(741)] EGL Driver message (Error) eglQueryDeviceAttribEXT: Bad attribute.
[0317/100126.931:ERROR:gl_surface_egl.cc(741)] EGL Driver message (Error) eglQueryDeviceAttribEXT: Bad attribute.
[0317/100136.941:ERROR:gl_surface_egl.cc(741)] EGL Driver message (Error) eglQueryDeviceAttribEXT: Bad attribute.
[0317/100147.256:ERROR:gl_surface_egl.cc(741)] EGL Driver message (Error) eglQueryDeviceAttribEXT: Bad attribute.
[0317/100319.131:INFO:CONSOLE(1)] "Uncaught TypeError: Cannot read property 'apply' of undefined", source: v8/flexsim (1)
[0317/100319.443:INFO:CONSOLE(1)] "Uncaught TypeError: Cannot read property 'apply' of undefined", source: v8/flexsim (1)
[0317/100326.053:ERROR:gl_surface_egl.cc(741)] EGL Driver message (Error) eglQueryDeviceAttribEXT: Bad attribute.
[0317/100336.567:INFO:CONSOLE(1)] "Uncaught TypeError: Cannot read property 'apply' of undefined", source: v8/flexsim (1)
[0317/100336.568:INFO:CONSOLE(1)] "Uncaught TypeError: Cannot read property 'apply' of undefined", source: v8/flexsim (1)
[0317/100339.533:ERROR:gl_surface_egl.cc(741)] EGL Driver message (Error) eglQueryDeviceAttribEXT: Bad attribute.
[0317/100343.576:INFO:CONSOLE(1)] "Uncaught TypeError: Cannot read property 'apply' of undefined", source: v8/flexsim (1)
[0317/100343.673:INFO:CONSOLE(1)] "Uncaught TypeError: Cannot read property 'apply' of undefined", source: v8/flexsim (1)
[0317/100349.592:ERROR:gl_surface_egl.cc(741)] EGL Driver message (Error) eglQueryDeviceAttribEXT: Bad attribute.
[0317/100359.611:ERROR:gl_surface_egl.cc(741)] EGL Driver message (Error) eglQueryDeviceAttribEXT: Bad attribute.
[0317/100409.716:ERROR:gl_surface_egl.cc(741)] EGL Driver message (Error) eglQueryDeviceAttribEXT: Bad attribute.
[0317/100419.785:ERROR:gl_surface_egl.cc(741)] EGL Driver message (Error) eglQueryDeviceAttribEXT: Bad attribute.
[0317/100429.811:ERROR:gl_surface_egl.cc(741)] EGL Driver message (Error) eglQueryDeviceAttribEXT: Bad attribute.
[0317/100439.873:ERROR:gl_surface_egl.cc(741)] EGL Driver message (Error) eglQueryDeviceAttribEXT: Bad attribute.
[0317/100449.937:ERROR:gl_surface_egl.cc(741)] EGL Driver message (Error) eglQueryDeviceAttribEXT: Bad attribute.
[0317/100459.999:ERROR:gl_surface_egl.cc(741)] EGL Driver message (Error) eglQueryDeviceAttribEXT: Bad attribute.
[0317/100510.060:ERROR:gl_surface_egl.cc(741)] EGL Driver message (Error) eglQueryDeviceAttribEXT: Bad attribute.
[0317/100520.126:ERROR:gl_surface_egl.cc(741)] EGL Driver message (Error) eglQueryDeviceAttribEXT: Bad attribute.
[0317/100530.202:ERROR:gl_surface_egl.cc(741)] EGL Driver message (Error) eglQueryDeviceAttribEXT: Bad attribute.
[0317/100540.208:ERROR:gl_surface_egl.cc(741)] EGL Driver message (Error) eglQueryDeviceAttribEXT: Bad attribute.
[0317/100550.208:ERROR:gl_surface_egl.cc(741)] EGL Driver message (Error) eglQueryDeviceAttribEXT: Bad attribute.
[0317/100600.208:ERROR:gl_surface_egl.cc(741)] EGL Driver message (Error) eglQueryDeviceAttribEXT: Bad attribute.
[0317/100610.208:ERROR:gl_surface_egl.cc(741)] EGL Driver message (Error) eglQueryDeviceAttribEXT: Bad attribute.
[0317/100646.525:INFO:CONSOLE(1)] "Uncaught TypeError: Cannot read property 'apply' of undefined", source: v8/flexsim (1)
[0317/100646.526:INFO:CONSOLE(1)] "Uncaught TypeError: Cannot read property 'apply' of undefined", source: v8/flexsim (1)
